<?xml version="1.0" encoding="UTF-8"?>
<!-- Generated by org.testng.reporters.JUnitXMLReporter -->
<testsuite ignored="1" hostname="macusers-MacBook-Air.local" failures="1" tests="2" name="Test" time="23.705" errors="0" timestamp="2024-05-06T05:44:48 GMT-07:00">
  <testcase classname="Testcases.loginwithvalidemailandvalidpassword" name="loginwithvalidemailandvalidpasswordtest" time="2.951"/>
  <testcase classname="Testcases.logintestwithinvalidemailandvalidpassword" name="logintestexcusion" time="0.214">
    <failure type="org.openqa.selenium.ElementClickInterceptedException" message="Element &amp;lt;a class=&amp;quot;_7ad32_SD12Y _16536_xxIKG&amp;quot; href=&amp;quot;/account/login?return_url=/&amp;quot;&amp;gt; is not clickable at point (1065,69) because another element &amp;lt;div class=&amp;quot;_5ed6c_R--fu&amp;quot;&amp;gt; obscures it
Build info: version: &amp;apos;4.20.0&amp;apos;, revision: &amp;apos;866c76ca80&amp;apos;
System info: os.name: &amp;apos;Mac OS X&amp;apos;, os.arch: &amp;apos;x86_64&amp;apos;, os.version: &amp;apos;10.15.2&amp;apos;, java.version: &amp;apos;17.0.2&amp;apos;
Driver info: org.openqa.selenium.firefox.FirefoxDriver
Command: [7a1d1c80-ee7b-4551-8cc2-a18937da4c43, clickElement {id=c00b1dfb-9723-4ebb-bfd5-efab31c6334e}]
Capabilities {acceptInsecureCerts: true, browserName: firefox, browserVersion: 125.0.3, moz:accessibilityChecks: false, moz:buildID: 20240425211020, moz:debuggerAddress: 127.0.0.1:31303, moz:geckodriverVersion: 0.34.0, moz:headless: false, moz:platformVersion: 19.2.0, moz:processID: 7749, moz:profile: /var/folders/m6/1wm0yqyn4v9..., moz:shutdownTimeout: 60000, moz:webdriverClick: true, moz:windowless: false, pageLoadStrategy: normal, platformName: mac, proxy: Proxy(), se:cdp: ws://127.0.0.1:31303/devtoo..., se:cdpVersion: 85.0, setWindowRect: true, strictFileInteractability: false, timeouts: {implicit: 0, pageLoad: 300000, script: 30000}, unhandledPromptBehavior: dismiss and notify, userAgent: Mozilla/5.0 (Macintosh; Int...}
Element: [[FirefoxDriver: firefox on mac (7a1d1c80-ee7b-4551-8cc2-a18937da4c43)] -&amp;gt; xpath: //a[normalize-space()=&amp;apos;Login / Signup&amp;apos;]]
Session ID: 7a1d1c80-ee7b-4551-8cc2-a18937da4c43">
      <![CDATA[org.openqa.selenium.ElementClickInterceptedException: Element <a class="_7ad32_SD12Y _16536_xxIKG" href="/account/login?return_url=/"> is not clickable at point (1065,69) because another element <div class="_5ed6c_R--fu"> obscures it
Build info: version: '4.20.0', revision: '866c76ca80'
System info: os.name: 'Mac OS X', os.arch: 'x86_64', os.version: '10.15.2', java.version: '17.0.2'
Driver info: org.openqa.selenium.firefox.FirefoxDriver
Command: [7a1d1c80-ee7b-4551-8cc2-a18937da4c43, clickElement {id=c00b1dfb-9723-4ebb-bfd5-efab31c6334e}]
Capabilities {acceptInsecureCerts: true, browserName: firefox, browserVersion: 125.0.3, moz:accessibilityChecks: false, moz:buildID: 20240425211020, moz:debuggerAddress: 127.0.0.1:31303, moz:geckodriverVersion: 0.34.0, moz:headless: false, moz:platformVersion: 19.2.0, moz:processID: 7749, moz:profile: /var/folders/m6/1wm0yqyn4v9..., moz:shutdownTimeout: 60000, moz:webdriverClick: true, moz:windowless: false, pageLoadStrategy: normal, platformName: mac, proxy: Proxy(), se:cdp: ws://127.0.0.1:31303/devtoo..., se:cdpVersion: 85.0, setWindowRect: true, strictFileInteractability: false, timeouts: {implicit: 0, pageLoad: 300000, script: 30000}, unhandledPromptBehavior: dismiss and notify, userAgent: Mozilla/5.0 (Macintosh; Int...}
Element: [[FirefoxDriver: firefox on mac (7a1d1c80-ee7b-4551-8cc2-a18937da4c43)] -> xpath: //a[normalize-space()='Login / Signup']]
Session ID: 7a1d1c80-ee7b-4551-8cc2-a18937da4c43
at org.openqa.selenium.remote.ErrorCodec.decode(ErrorCodec.java:167)
at org.openqa.selenium.remote.codec.w3c.W3CHttpResponseCodec.decode(W3CHttpResponseCodec.java:138)
at org.openqa.selenium.remote.codec.w3c.W3CHttpResponseCodec.decode(W3CHttpResponseCodec.java:50)
at org.openqa.selenium.remote.HttpCommandExecutor.execute(HttpCommandExecutor.java:190)
at org.openqa.selenium.remote.service.DriverCommandExecutor.invokeExecute(DriverCommandExecutor.java:216)
at org.openqa.selenium.remote.service.DriverCommandExecutor.execute(DriverCommandExecutor.java:174)
at org.openqa.selenium.remote.RemoteWebDriver.execute(RemoteWebDriver.java:518)
at org.openqa.selenium.remote.RemoteWebElement.execute(RemoteWebElement.java:223)
at org.openqa.selenium.remote.RemoteWebElement.click(RemoteWebElement.java:76)
at Testcases.logintestwithinvalidemailandvalidpassword.logintestexcusion(logintestwithinvalidemailandvalidpassword.java:22)
at java.base/java.util.ArrayList.forEach(ArrayList.java:1511)
... Removed 32 stack frames]]>
    </failure>
  </testcase> <!-- logintestexcusion -->
  <testcase classname="Basetest.basetest" name="@BeforeTest readpropertyfile" time="0.0">
    <ignored/>
  </testcase> <!-- @BeforeTest readpropertyfile -->
</testsuite> <!-- Test -->
