<?xml version="1.0" encoding="UTF-8"?>
<!-- Generated by org.testng.reporters.JUnitXMLReporter -->
<testsuite ignored="0" hostname="macusers-MacBook-Air.local" failures="1" tests="1" name="Test" time="19.322" errors="0" timestamp="2024-05-06T06:26:25 GMT-07:00">
  <testcase classname="Testcases.signupupwithvaliddetails" name="signuptestcase" time="6.633">
    <failure type="org.openqa.selenium.ElementNotInteractableException" message="Element &amp;lt;input id=&amp;quot;firstname&amp;quot; class=&amp;quot;&amp;quot; name=&amp;quot;firstname&amp;quot; type=&amp;quot;text&amp;quot;&amp;gt; is not reachable by keyboard
Build info: version: &amp;apos;4.20.0&amp;apos;, revision: &amp;apos;866c76ca80&amp;apos;
System info: os.name: &amp;apos;Mac OS X&amp;apos;, os.arch: &amp;apos;x86_64&amp;apos;, os.version: &amp;apos;10.15.2&amp;apos;, java.version: &amp;apos;17.0.2&amp;apos;
Driver info: org.openqa.selenium.firefox.FirefoxDriver
Command: [549f8682-88fb-46ac-bade-9ffef74e0850, sendKeysToElement {id=9a18185c-0f8b-4061-8083-4f4e9a6cbe03, value=[Ljava.lang.CharSequence;@4248ed58}]
Capabilities {acceptInsecureCerts: true, browserName: firefox, browserVersion: 125.0.3, moz:accessibilityChecks: false, moz:buildID: 20240425211020, moz:debuggerAddress: 127.0.0.1:31115, moz:geckodriverVersion: 0.34.0, moz:headless: false, moz:platformVersion: 19.2.0, moz:processID: 8131, moz:profile: /var/folders/m6/1wm0yqyn4v9..., moz:shutdownTimeout: 60000, moz:webdriverClick: true, moz:windowless: false, pageLoadStrategy: normal, platformName: mac, proxy: Proxy(), se:cdp: ws://127.0.0.1:31115/devtoo..., se:cdpVersion: 85.0, setWindowRect: true, strictFileInteractability: false, timeouts: {implicit: 0, pageLoad: 300000, script: 30000}, unhandledPromptBehavior: dismiss and notify, userAgent: Mozilla/5.0 (Macintosh; Int...}
Element: [[FirefoxDriver: firefox on mac (549f8682-88fb-46ac-bade-9ffef74e0850)] -&amp;gt; id: firstname]
Session ID: 549f8682-88fb-46ac-bade-9ffef74e0850">
      <![CDATA[org.openqa.selenium.ElementNotInteractableException: Element <input id="firstname" class="" name="firstname" type="text"> is not reachable by keyboard
Build info: version: '4.20.0', revision: '866c76ca80'
System info: os.name: 'Mac OS X', os.arch: 'x86_64', os.version: '10.15.2', java.version: '17.0.2'
Driver info: org.openqa.selenium.firefox.FirefoxDriver
Command: [549f8682-88fb-46ac-bade-9ffef74e0850, sendKeysToElement {id=9a18185c-0f8b-4061-8083-4f4e9a6cbe03, value=[Ljava.lang.CharSequence;@4248ed58}]
Capabilities {acceptInsecureCerts: true, browserName: firefox, browserVersion: 125.0.3, moz:accessibilityChecks: false, moz:buildID: 20240425211020, moz:debuggerAddress: 127.0.0.1:31115, moz:geckodriverVersion: 0.34.0, moz:headless: false, moz:platformVersion: 19.2.0, moz:processID: 8131, moz:profile: /var/folders/m6/1wm0yqyn4v9..., moz:shutdownTimeout: 60000, moz:webdriverClick: true, moz:windowless: false, pageLoadStrategy: normal, platformName: mac, proxy: Proxy(), se:cdp: ws://127.0.0.1:31115/devtoo..., se:cdpVersion: 85.0, setWindowRect: true, strictFileInteractability: false, timeouts: {implicit: 0, pageLoad: 300000, script: 30000}, unhandledPromptBehavior: dismiss and notify, userAgent: Mozilla/5.0 (Macintosh; Int...}
Element: [[FirefoxDriver: firefox on mac (549f8682-88fb-46ac-bade-9ffef74e0850)] -> id: firstname]
Session ID: 549f8682-88fb-46ac-bade-9ffef74e0850
at org.openqa.selenium.remote.ErrorCodec.decode(ErrorCodec.java:167)
at org.openqa.selenium.remote.codec.w3c.W3CHttpResponseCodec.decode(W3CHttpResponseCodec.java:138)
at org.openqa.selenium.remote.codec.w3c.W3CHttpResponseCodec.decode(W3CHttpResponseCodec.java:50)
at org.openqa.selenium.remote.HttpCommandExecutor.execute(HttpCommandExecutor.java:190)
at org.openqa.selenium.remote.service.DriverCommandExecutor.invokeExecute(DriverCommandExecutor.java:216)
at org.openqa.selenium.remote.service.DriverCommandExecutor.execute(DriverCommandExecutor.java:174)
at org.openqa.selenium.remote.RemoteWebDriver.execute(RemoteWebDriver.java:518)
at org.openqa.selenium.remote.RemoteWebElement.execute(RemoteWebElement.java:223)
at org.openqa.selenium.remote.RemoteWebElement.sendKeys(RemoteWebElement.java:110)
at Testcases.signupupwithvaliddetails.signuptestcase(signupupwithvaliddetails.java:31)
at java.base/java.util.ArrayList.forEach(ArrayList.java:1511)
... Removed 32 stack frames]]>
    </failure>
  </testcase> <!-- signuptestcase -->
</testsuite> <!-- Test -->
